<?xml version="1.0" encoding="UTF-8"?>
<testng-results skipped="0" failed="0" ignored="0" total="1" passed="1">
  <reporter-output>
  </reporter-output>
  <suite name="Surefire suite" duration-ms="27472" started-at="2020-03-06T17:08:54Z" finished-at="2020-03-06T17:09:22Z">
    <groups>
    </groups>
    <test name="Surefire test" duration-ms="27472" started-at="2020-03-06T17:08:54Z" finished-at="2020-03-06T17:09:22Z">
      <class name="WebAutomation.SampleTest">
        <test-method status="PASS" signature="startBrowser()[pri:0, instance:WebAutomation.SampleTest@dd3b207]" name="startBrowser" is-config="true" duration-ms="11137" started-at="2020-03-06T17:08:54Z" finished-at="2020-03-06T17:09:05Z">
          <reporter-output>
          </reporter-output>
        </test-method> <!-- startBrowser -->
        <test-method status="PASS" signature="firstTest()[pri:0, instance:WebAutomation.SampleTest@dd3b207]" name="firstTest" duration-ms="16145" started-at="2020-03-06T17:09:05Z" finished-at="2020-03-06T17:09:22Z">
          <reporter-output>
          </reporter-output>
        </test-method> <!-- firstTest -->
        <test-method status="PASS" signature="closeSession()[pri:0, instance:WebAutomation.SampleTest@dd3b207]" name="closeSession" is-config="true" duration-ms="89" started-at="2020-03-06T17:09:22Z" finished-at="2020-03-06T17:09:22Z">
          <reporter-output>
          </reporter-output>
        </test-method> <!-- closeSession -->
      </class> <!-- WebAutomation.SampleTest -->
    </test> <!-- Surefire test -->
  </suite> <!-- Surefire suite -->
</testng-results>
